<?xml version="1.0" encoding="UTF-8"?>
<!-- Generated by org.testng.reporters.JUnitXMLReporter -->
<testsuite ignored="0" hostname="HBPC-HWMBD15-003" failures="0" tests="3" name="Surefire test" time="0.357" errors="0" timestamp="2024-07-31T16:32:01 CEST">
  <testcase classname="com.example.AppTest" name="testConvertToJson on testConvertToJson(com.example.AppTest)" time="0.332"/>
  <testcase classname="com.example.AppTest" name="testCapitalizeString on testCapitalizeString(com.example.AppTest)" time="0.006"/>
  <testcase classname="com.example.AppTest" name="testApp on testApp(com.example.AppTest)" time="0.001"/>
</testsuite> <!-- Surefire test -->
