<?xml version="1.0" encoding="UTF-8"?>
<testng-results ignored="0" total="3" passed="3" failed="0" skipped="0">
  <reporter-output>
  </reporter-output>
  <suite started-at="2024-07-31T16:32:00 CEST" name="Surefire suite" finished-at="2024-07-31T16:32:01 CEST" duration-ms="357">
    <groups>
    </groups>
    <test started-at="2024-07-31T16:32:00 CEST" name="Surefire test" finished-at="2024-07-31T16:32:01 CEST" duration-ms="357">
      <class name="com.example.AppTest">
        <test-method signature="testConvertToJson()[pri:0, instance:testConvertToJson(com.example.AppTest)]" started-at="2024-07-31T16:32:00 CEST" name="testConvertToJson" finished-at="2024-07-31T16:32:01 CEST" duration-ms="332" status="PASS">
          <reporter-output>
          </reporter-output>
        </test-method> <!-- testConvertToJson -->
        <test-method signature="testCapitalizeString()[pri:0, instance:testCapitalizeString(com.example.AppTest)]" started-at="2024-07-31T16:32:01 CEST" name="testCapitalizeString" finished-at="2024-07-31T16:32:01 CEST" duration-ms="6" status="PASS">
          <reporter-output>
          </reporter-output>
        </test-method> <!-- testCapitalizeString -->
        <test-method signature="testApp()[pri:0, instance:testApp(com.example.AppTest)]" started-at="2024-07-31T16:32:01 CEST" name="testApp" finished-at="2024-07-31T16:32:01 CEST" duration-ms="1" status="PASS">
          <reporter-output>
          </reporter-output>
        </test-method> <!-- testApp -->
      </class> <!-- com.example.AppTest -->
    </test> <!-- Surefire test -->
  </suite> <!-- Surefire suite -->
</testng-results>
