<?xml version="1.0" encoding="UTF-8"?>
<testsuite xmlns:xsi="http://www.w3.org/2001/XMLSchema-instance" xsi:noNamespaceSchemaLocation="https://maven.apache.org/surefire/maven-surefire-plugin/xsd/surefire-test-report-3.0.xsd" version="3.0" name="com.example.AppTest" time="0.772" tests="3" errors="0" skipped="0" failures="0">
  <properties>
[...]
</properties>
  <testcase name="testConvertToJson on testConvertToJson(com.example.AppTest)" classname="com.example.AppTest" time="0.568">
    <system-out><![CDATA[{"firstName":"jean","lastName":"bonbeur"}
]]></system-out>
  </testcase>
  <testcase name="testCapitalizeString on testCapitalizeString(com.example.AppTest)" classname="com.example.AppTest" time="0.572">
    <system-out><![CDATA[Jean
Bonbeur
]]></system-out>
  </testcase>
  <testcase name="testApp on testApp(com.example.AppTest)" classname="com.example.AppTest" time="0.573"/>
</testsuite>